2025-06-29 07:44:12,188 - INFO - Starting ClinVar VCV release download
2025-06-29 07:44:12,188 - INFO - Download directory: /Users/bry_lee/ClinVar-1/clinvar_vcv_releases
2025-06-29 07:44:12,188 - INFO - ============================================================
2025-06-29 07:44:12,188 - INFO - DOWNLOADING OLD FORMAT FILES (ClinVarVariationRelease)
2025-06-29 07:44:12,189 - INFO - ============================================================
2025-06-29 07:44:12,189 - INFO - Downloading ClinVarVariationRelease_2023-01.xml.gz (attempt 1/3)
2025-06-29 07:45:10,043 - INFO -   Progress: 4.6% (100 MB)
2025-06-29 07:46:22,195 - INFO -   Progress: 9.2% (200 MB)
2025-06-29 07:47:35,370 - INFO -   Progress: 13.7% (300 MB)
2025-06-29 07:48:46,675 - INFO -   Progress: 18.3% (400 MB)
2025-06-29 07:50:03,320 - INFO -   Progress: 22.9% (500 MB)
2025-06-29 07:51:17,152 - INFO -   Progress: 27.5% (600 MB)
2025-06-29 07:52:31,100 - INFO -   Progress: 32.1% (700 MB)
2025-06-29 07:53:42,895 - INFO -   Progress: 36.6% (800 MB)
2025-06-29 07:54:52,954 - INFO -   Progress: 41.2% (900 MB)
2025-06-29 07:56:07,486 - INFO -   Progress: 45.8% (1000 MB)
2025-06-29 07:57:21,654 - INFO -   Progress: 50.4% (1100 MB)
2025-06-29 07:58:28,007 - INFO -   Progress: 54.9% (1200 MB)
2025-06-29 07:59:40,592 - INFO -   Progress: 59.5% (1300 MB)
2025-06-29 08:00:54,088 - INFO -   Progress: 64.1% (1400 MB)
2025-06-29 08:02:05,488 - INFO -   Progress: 68.7% (1500 MB)
2025-06-29 08:03:21,603 - INFO -   Progress: 73.3% (1600 MB)
2025-06-29 08:04:35,958 - INFO -   Progress: 77.8% (1700 MB)
2025-06-29 08:05:50,634 - INFO -   Progress: 82.4% (1800 MB)
2025-06-29 08:07:05,281 - INFO -   Progress: 87.0% (1900 MB)
2025-06-29 08:08:18,483 - INFO -   Progress: 91.6% (2000 MB)
2025-06-29 08:09:33,980 - INFO -   Progress: 96.2% (2100 MB)
2025-06-29 08:10:35,613 - INFO - ✓ Downloaded ClinVarVariationRelease_2023-01.xml.gz (2183 MB)
2025-06-29 08:10:39,869 - INFO - ✓ MD5 checksum verified for ClinVarVariationRelease_2023-01.xml.gz
2025-06-29 08:10:39,870 - INFO - Downloading ClinVarVariationRelease_2023-02.xml.gz (attempt 1/3)
2025-06-29 08:11:45,680 - INFO -   Progress: 3.6% (100 MB)
2025-06-29 08:12:53,209 - INFO -   Progress: 7.2% (200 MB)
2025-06-29 08:14:09,530 - INFO -   Progress: 10.8% (300 MB)
2025-06-29 08:15:19,478 - INFO -   Progress: 14.4% (400 MB)
2025-06-29 08:16:38,111 - INFO -   Progress: 18.0% (500 MB)
2025-06-29 08:17:52,771 - INFO -   Progress: 21.6% (600 MB)
2025-06-29 08:19:07,758 - INFO -   Progress: 25.2% (700 MB)
2025-06-29 08:20:21,458 - INFO -   Progress: 28.8% (800 MB)
2025-06-29 08:21:42,298 - INFO -   Progress: 32.4% (900 MB)
2025-06-29 08:22:59,267 - INFO -   Progress: 36.0% (1000 MB)
2025-06-29 08:24:06,679 - INFO -   Progress: 39.6% (1100 MB)
2025-06-29 08:25:15,364 - INFO -   Progress: 43.2% (1200 MB)
2025-06-29 13:11:52,627 - INFO - Starting ClinVar VCV release download
2025-06-29 13:11:52,627 - INFO - Download directory: /Users/bry_lee/ClinVar-1/clinvar_vcv_releases
2025-06-29 13:11:52,627 - INFO - ============================================================
2025-06-29 13:11:52,627 - INFO - DOWNLOADING OLD FORMAT FILES (ClinVarVariationRelease)
2025-06-29 13:11:52,627 - INFO - ============================================================
2025-06-29 13:11:52,627 - INFO - ⏭ Skipping ClinVarVariationRelease_2023-01.xml.gz (already exists)
2025-06-29 13:11:52,627 - INFO - ⏭ Skipping ClinVarVariationRelease_2023-02.xml.gz (already exists)
2025-06-29 13:11:52,627 - INFO - Downloading ClinVarVariationRelease_2023-03.xml.gz (attempt 1/3)
2025-06-29 13:12:13,390 - INFO - Starting ClinVar VCV release download
2025-06-29 13:12:13,390 - INFO - Download directory: /Users/bry_lee/ClinVar-1/clinvar_vcv_releases
2025-06-29 13:12:13,390 - INFO - ============================================================
2025-06-29 13:12:13,390 - INFO - DOWNLOADING OLD FORMAT FILES (ClinVarVariationRelease)
2025-06-29 13:12:13,390 - INFO - ============================================================
2025-06-29 13:12:13,390 - INFO - ⏭ Skipping ClinVarVariationRelease_2023-01.xml.gz (already exists)
2025-06-29 13:12:13,390 - INFO - Downloading ClinVarVariationRelease_2023-02.xml.gz (attempt 1/3)
2025-06-29 13:13:32,399 - INFO -   Progress: 3.6% (100 MB)
2025-06-29 13:13:52,500 - INFO -   Progress: 7.2% (200 MB)
2025-06-29 13:14:03,439 - INFO -   Progress: 10.8% (300 MB)
2025-06-29 13:14:19,182 - INFO -   Progress: 14.4% (400 MB)
2025-06-29 13:14:36,948 - INFO -   Progress: 18.0% (500 MB)
2025-06-29 13:14:48,562 - INFO -   Progress: 21.6% (600 MB)
2025-06-29 13:15:02,054 - INFO -   Progress: 25.2% (700 MB)
2025-06-29 13:15:18,938 - INFO -   Progress: 28.8% (800 MB)
2025-06-29 13:15:41,764 - INFO -   Progress: 32.4% (900 MB)
2025-06-29 13:16:02,056 - INFO -   Progress: 36.0% (1000 MB)
2025-06-29 13:16:11,387 - INFO -   Progress: 39.6% (1100 MB)
2025-06-29 13:16:23,835 - INFO -   Progress: 43.2% (1200 MB)
2025-06-29 13:16:36,229 - INFO -   Progress: 46.8% (1300 MB)
2025-06-29 13:16:45,290 - INFO -   Progress: 50.4% (1400 MB)
2025-06-29 13:16:56,392 - INFO -   Progress: 54.0% (1500 MB)
2025-06-29 13:17:17,305 - INFO -   Progress: 57.6% (1600 MB)
2025-06-29 13:17:31,461 - INFO -   Progress: 61.2% (1700 MB)
2025-06-29 13:17:51,688 - INFO -   Progress: 64.8% (1800 MB)
2025-06-29 13:19:06,319 - INFO -   Progress: 68.4% (1900 MB)
2025-06-29 13:19:23,778 - INFO -   Progress: 72.0% (2000 MB)
2025-06-29 13:19:39,843 - INFO -   Progress: 75.6% (2100 MB)
2025-06-29 13:20:00,162 - INFO -   Progress: 79.2% (2200 MB)
2025-06-29 13:20:11,961 - INFO -   Progress: 82.8% (2300 MB)
2025-06-29 13:20:27,702 - INFO -   Progress: 86.4% (2400 MB)
2025-06-29 13:20:37,511 - INFO -   Progress: 90.0% (2500 MB)
2025-06-29 13:20:59,701 - INFO -   Progress: 93.6% (2600 MB)
2025-06-29 13:22:18,164 - INFO -   Progress: 97.2% (2700 MB)
2025-06-29 13:22:27,108 - INFO - ✓ Downloaded ClinVarVariationRelease_2023-02.xml.gz (2779 MB)
2025-06-29 13:22:32,371 - INFO - ✓ MD5 checksum verified for ClinVarVariationRelease_2023-02.xml.gz
2025-06-29 13:22:32,372 - INFO - Downloading ClinVarVariationRelease_2023-03.xml.gz (attempt 1/3)
2025-06-29 13:22:43,749 - INFO -   Progress: 3.6% (100 MB)
2025-06-29 13:22:59,760 - INFO -   Progress: 7.1% (200 MB)
2025-06-29 13:23:20,430 - INFO -   Progress: 10.7% (300 MB)
2025-06-29 13:23:39,555 - INFO -   Progress: 14.3% (400 MB)
2025-06-29 13:23:59,192 - INFO -   Progress: 17.9% (500 MB)
2025-06-29 13:24:15,352 - INFO -   Progress: 21.4% (600 MB)
2025-06-29 13:24:24,922 - INFO -   Progress: 25.0% (700 MB)
2025-06-29 13:24:34,918 - INFO -   Progress: 28.6% (800 MB)
2025-06-29 13:24:52,885 - INFO -   Progress: 32.2% (900 MB)
2025-06-29 13:25:10,208 - INFO -   Progress: 35.7% (1000 MB)
2025-06-29 13:25:29,481 - INFO -   Progress: 39.3% (1100 MB)
2025-06-29 13:25:57,368 - INFO -   Progress: 42.9% (1200 MB)
2025-06-29 13:26:14,932 - INFO -   Progress: 46.5% (1300 MB)
2025-06-29 13:26:30,999 - INFO -   Progress: 50.0% (1400 MB)
2025-06-29 13:26:45,066 - INFO -   Progress: 53.6% (1500 MB)
2025-06-29 13:27:07,564 - INFO -   Progress: 57.2% (1600 MB)
2025-06-29 13:27:24,351 - INFO -   Progress: 60.8% (1700 MB)
2025-06-29 13:27:40,718 - INFO -   Progress: 64.3% (1800 MB)
2025-06-29 13:27:56,783 - INFO -   Progress: 67.9% (1900 MB)
2025-06-29 13:28:11,076 - INFO -   Progress: 71.5% (2000 MB)
2025-06-29 13:28:22,016 - INFO -   Progress: 75.0% (2100 MB)
2025-06-29 13:28:38,581 - INFO -   Progress: 78.6% (2200 MB)
2025-06-29 13:28:53,852 - INFO -   Progress: 82.2% (2300 MB)
2025-06-29 13:29:17,097 - INFO -   Progress: 85.8% (2400 MB)
2025-06-29 13:29:26,070 - INFO -   Progress: 89.3% (2500 MB)
2025-06-29 13:29:44,077 - INFO -   Progress: 92.9% (2600 MB)
2025-06-29 13:30:01,521 - INFO -   Progress: 96.5% (2700 MB)
2025-06-29 13:30:27,643 - INFO - ✓ Downloaded ClinVarVariationRelease_2023-03.xml.gz (2798 MB)
2025-06-29 13:30:32,690 - INFO - ✓ MD5 checksum verified for ClinVarVariationRelease_2023-03.xml.gz
2025-06-29 13:30:32,690 - INFO - Downloading ClinVarVariationRelease_2023-04.xml.gz (attempt 1/3)
2025-06-29 13:31:06,363 - INFO -   Progress: 3.5% (100 MB)
2025-06-29 13:31:25,844 - INFO -   Progress: 7.0% (200 MB)
2025-06-29 13:31:42,597 - INFO -   Progress: 10.5% (300 MB)
2025-06-29 13:31:55,008 - INFO -   Progress: 14.0% (400 MB)
2025-06-29 13:32:13,565 - INFO -   Progress: 17.5% (500 MB)
2025-06-29 13:32:24,651 - INFO -   Progress: 21.0% (600 MB)
2025-06-29 13:32:37,148 - INFO -   Progress: 24.5% (700 MB)
2025-06-29 13:32:49,690 - INFO -   Progress: 28.0% (800 MB)
2025-06-29 13:33:03,755 - INFO -   Progress: 31.5% (900 MB)
2025-06-29 13:33:20,667 - INFO -   Progress: 35.0% (1000 MB)
2025-06-29 13:33:37,413 - INFO -   Progress: 38.5% (1100 MB)
2025-06-29 13:34:59,461 - INFO -   Progress: 42.0% (1200 MB)
2025-06-29 13:35:17,029 - INFO -   Progress: 45.5% (1300 MB)
2025-06-29 13:35:30,696 - INFO -   Progress: 49.0% (1400 MB)
2025-06-29 13:35:48,713 - INFO -   Progress: 52.5% (1500 MB)
2025-06-29 13:36:08,125 - INFO -   Progress: 56.0% (1600 MB)
2025-06-29 13:36:53,006 - INFO -   Progress: 59.5% (1700 MB)
2025-06-29 13:37:04,953 - INFO -   Progress: 63.0% (1800 MB)
2025-06-29 13:37:16,577 - INFO -   Progress: 66.5% (1900 MB)
2025-06-29 13:37:33,664 - INFO -   Progress: 70.0% (2000 MB)
2025-06-29 13:38:01,864 - INFO -   Progress: 73.5% (2100 MB)
2025-06-29 13:38:14,439 - INFO -   Progress: 77.0% (2200 MB)
2025-06-29 13:39:02,764 - INFO -   Progress: 80.5% (2300 MB)
2025-06-29 13:40:32,413 - INFO -   Progress: 84.0% (2400 MB)
2025-06-29 13:42:00,089 - INFO -   Progress: 87.4% (2500 MB)
2025-06-29 13:43:27,358 - INFO -   Progress: 90.9% (2600 MB)
2025-06-29 13:44:54,392 - INFO -   Progress: 94.4% (2700 MB)
2025-06-29 13:46:23,801 - INFO -   Progress: 97.9% (2800 MB)
2025-06-29 13:47:16,134 - INFO - ✓ Downloaded ClinVarVariationRelease_2023-04.xml.gz (2858 MB)
2025-06-29 13:47:21,556 - INFO - ✓ MD5 checksum verified for ClinVarVariationRelease_2023-04.xml.gz
2025-06-29 13:47:21,557 - INFO - Downloading ClinVarVariationRelease_2023-05.xml.gz (attempt 1/3)
2025-06-29 13:48:27,881 - INFO -   Progress: 3.5% (100 MB)
2025-06-29 13:49:30,896 - INFO -   Progress: 6.9% (200 MB)
2025-06-29 13:50:29,719 - INFO -   Progress: 10.4% (300 MB)
2025-06-29 13:51:34,736 - INFO -   Progress: 13.8% (400 MB)
2025-06-29 13:52:43,656 - INFO -   Progress: 17.3% (500 MB)
2025-06-29 13:53:59,670 - INFO -   Progress: 20.8% (600 MB)
2025-06-29 13:55:00,272 - INFO -   Progress: 24.2% (700 MB)
2025-06-29 13:56:17,766 - INFO -   Progress: 27.7% (800 MB)
2025-06-29 13:57:38,835 - INFO -   Progress: 31.1% (900 MB)
2025-06-29 13:59:01,977 - INFO -   Progress: 34.6% (1000 MB)
2025-06-29 14:00:23,046 - INFO -   Progress: 38.1% (1100 MB)
2025-06-29 14:01:40,748 - INFO -   Progress: 41.5% (1200 MB)
2025-06-29 14:02:59,729 - INFO -   Progress: 45.0% (1300 MB)
2025-06-29 14:04:21,602 - INFO -   Progress: 48.5% (1400 MB)
2025-06-29 14:05:43,061 - INFO -   Progress: 51.9% (1500 MB)
2025-06-29 14:07:09,904 - INFO -   Progress: 55.4% (1600 MB)
2025-06-29 14:08:31,694 - INFO -   Progress: 58.8% (1700 MB)
2025-06-29 14:09:50,849 - INFO -   Progress: 62.3% (1800 MB)
2025-06-29 14:11:13,892 - INFO -   Progress: 65.8% (1900 MB)
2025-06-29 14:12:34,956 - INFO -   Progress: 69.2% (2000 MB)
2025-06-29 14:13:55,370 - INFO -   Progress: 72.7% (2100 MB)
2025-06-29 14:15:25,973 - INFO -   Progress: 76.1% (2200 MB)
2025-06-29 14:16:50,383 - INFO -   Progress: 79.6% (2300 MB)
2025-06-29 14:18:22,899 - INFO -   Progress: 83.1% (2400 MB)
2025-06-29 14:19:54,515 - INFO -   Progress: 86.5% (2500 MB)
2025-06-29 14:21:23,124 - INFO -   Progress: 90.0% (2600 MB)
2025-06-29 14:22:50,931 - INFO -   Progress: 93.4% (2700 MB)
2025-06-29 14:24:22,788 - INFO -   Progress: 96.9% (2800 MB)
2025-06-29 14:25:42,578 - INFO - ✓ Downloaded ClinVarVariationRelease_2023-05.xml.gz (2889 MB)
2025-06-29 14:25:48,208 - INFO - ✓ MD5 checksum verified for ClinVarVariationRelease_2023-05.xml.gz
2025-06-29 14:25:48,210 - INFO - Downloading ClinVarVariationRelease_2023-06.xml.gz (attempt 1/3)
2025-06-29 14:26:15,321 - INFO -   Progress: 3.5% (100 MB)
2025-06-29 14:26:42,290 - INFO -   Progress: 6.9% (200 MB)
2025-06-29 14:27:04,078 - INFO -   Progress: 10.4% (300 MB)
2025-06-29 14:27:27,552 - INFO -   Progress: 13.8% (400 MB)
2025-06-29 14:27:54,698 - INFO -   Progress: 17.3% (500 MB)
2025-06-29 14:28:16,301 - INFO -   Progress: 20.8% (600 MB)
2025-06-29 14:28:37,745 - INFO -   Progress: 24.2% (700 MB)
2025-06-29 14:29:02,900 - INFO -   Progress: 27.7% (800 MB)
2025-06-29 14:29:27,738 - INFO -   Progress: 31.2% (900 MB)
2025-06-29 14:29:54,083 - INFO -   Progress: 34.6% (1000 MB)
2025-06-29 14:30:18,497 - INFO -   Progress: 38.1% (1100 MB)
2025-06-29 14:30:48,703 - INFO -   Progress: 41.5% (1200 MB)
2025-06-29 14:31:18,565 - INFO -   Progress: 45.0% (1300 MB)
2025-06-29 14:31:41,031 - INFO -   Progress: 48.5% (1400 MB)
2025-06-29 14:32:16,433 - INFO -   Progress: 51.9% (1500 MB)
2025-06-29 14:32:54,616 - INFO -   Progress: 55.4% (1600 MB)
2025-06-29 14:33:23,558 - INFO -   Progress: 58.8% (1700 MB)
2025-06-29 14:33:51,878 - INFO -   Progress: 62.3% (1800 MB)
2025-06-29 14:34:19,969 - INFO -   Progress: 65.8% (1900 MB)
2025-06-29 14:34:46,609 - INFO -   Progress: 69.2% (2000 MB)
2025-06-29 14:35:08,843 - INFO -   Progress: 72.7% (2100 MB)
2025-06-29 14:35:34,830 - INFO -   Progress: 76.2% (2200 MB)
2025-06-29 14:36:04,303 - INFO -   Progress: 79.6% (2300 MB)
2025-06-29 14:36:31,571 - INFO -   Progress: 83.1% (2400 MB)
2025-06-29 14:37:01,481 - INFO -   Progress: 86.5% (2500 MB)
2025-06-29 14:37:28,514 - INFO -   Progress: 90.0% (2600 MB)
2025-06-29 14:38:04,061 - INFO -   Progress: 93.5% (2700 MB)
2025-06-29 14:38:31,745 - INFO -   Progress: 96.9% (2800 MB)
2025-06-29 14:38:56,389 - INFO - ✓ Downloaded ClinVarVariationRelease_2023-06.xml.gz (2888 MB)
2025-06-29 14:39:01,915 - INFO - ✓ MD5 checksum verified for ClinVarVariationRelease_2023-06.xml.gz
2025-06-29 14:39:01,916 - INFO - Downloading ClinVarVariationRelease_2023-07.xml.gz (attempt 1/3)
2025-06-29 14:40:17,009 - INFO -   Progress: 3.5% (100 MB)
2025-06-29 14:41:27,801 - INFO -   Progress: 6.9% (200 MB)
2025-06-29 14:42:36,279 - INFO -   Progress: 10.4% (300 MB)
2025-06-29 14:43:50,201 - INFO -   Progress: 13.9% (400 MB)
2025-06-29 14:45:03,847 - INFO -   Progress: 17.3% (500 MB)
2025-06-29 14:46:33,725 - INFO -   Progress: 20.8% (600 MB)
2025-06-29 14:47:45,227 - INFO -   Progress: 24.2% (700 MB)
2025-06-29 14:48:52,754 - INFO -   Progress: 27.7% (800 MB)
2025-06-29 14:50:13,166 - INFO -   Progress: 31.2% (900 MB)
2025-06-29 14:51:36,232 - INFO -   Progress: 34.6% (1000 MB)
2025-06-29 14:52:55,802 - INFO -   Progress: 38.1% (1100 MB)
2025-06-29 14:54:19,146 - INFO -   Progress: 41.6% (1200 MB)
2025-06-29 14:55:45,675 - INFO -   Progress: 45.0% (1300 MB)
2025-06-29 14:57:01,172 - INFO -   Progress: 48.5% (1400 MB)
2025-06-29 14:58:22,855 - INFO -   Progress: 52.0% (1500 MB)
2025-06-29 14:59:46,231 - INFO -   Progress: 55.4% (1600 MB)
2025-06-29 15:01:05,184 - INFO -   Progress: 58.9% (1700 MB)
2025-06-29 15:02:26,021 - INFO -   Progress: 62.3% (1800 MB)
2025-06-29 15:03:36,384 - INFO -   Progress: 65.8% (1900 MB)
2025-06-29 15:04:57,217 - INFO -   Progress: 69.3% (2000 MB)
2025-06-29 15:06:24,371 - INFO -   Progress: 72.7% (2100 MB)
2025-06-29 15:07:50,222 - INFO -   Progress: 76.2% (2200 MB)
2025-06-29 15:09:18,302 - INFO -   Progress: 79.7% (2300 MB)
2025-06-29 15:10:39,044 - INFO -   Progress: 83.1% (2400 MB)
2025-06-29 15:12:11,443 - INFO -   Progress: 86.6% (2500 MB)
2025-06-29 15:14:00,822 - INFO -   Progress: 90.1% (2600 MB)
2025-06-29 15:15:27,527 - INFO -   Progress: 93.5% (2700 MB)
2025-06-29 15:16:47,616 - INFO -   Progress: 97.0% (2800 MB)
2025-06-29 15:17:55,667 - INFO - ✓ Downloaded ClinVarVariationRelease_2023-07.xml.gz (2887 MB)
2025-06-29 15:18:01,118 - INFO - ✓ MD5 checksum verified for ClinVarVariationRelease_2023-07.xml.gz
2025-06-29 15:18:01,118 - INFO - Downloading ClinVarVariationRelease_2023-08.xml.gz (attempt 1/3)
2025-06-29 15:19:10,206 - INFO -   Progress: 3.4% (100 MB)
2025-06-29 15:20:29,915 - INFO -   Progress: 6.8% (200 MB)
2025-06-29 15:21:52,882 - INFO -   Progress: 10.2% (300 MB)
2025-06-29 15:23:17,913 - INFO -   Progress: 13.6% (400 MB)
2025-06-29 15:24:38,327 - INFO -   Progress: 17.0% (500 MB)
2025-06-29 15:26:02,736 - INFO -   Progress: 20.4% (600 MB)
2025-06-29 15:27:31,563 - INFO -   Progress: 23.8% (700 MB)
2025-06-29 15:28:54,785 - INFO -   Progress: 27.2% (800 MB)
2025-06-29 15:30:14,296 - INFO -   Progress: 30.6% (900 MB)
2025-06-29 15:31:31,684 - INFO -   Progress: 34.0% (1000 MB)
2025-06-29 15:32:50,196 - INFO -   Progress: 37.4% (1100 MB)
2025-06-29 15:34:11,361 - INFO -   Progress: 40.8% (1200 MB)
2025-06-29 15:35:31,062 - INFO -   Progress: 44.2% (1300 MB)
2025-06-29 15:36:52,546 - INFO -   Progress: 47.6% (1400 MB)
2025-06-29 15:38:17,775 - INFO -   Progress: 51.0% (1500 MB)
2025-06-29 15:39:50,802 - INFO -   Progress: 54.4% (1600 MB)
2025-06-29 15:41:15,420 - INFO -   Progress: 57.8% (1700 MB)
2025-06-29 15:42:35,209 - INFO -   Progress: 61.2% (1800 MB)
2025-06-29 15:43:54,367 - INFO -   Progress: 64.6% (1900 MB)
2025-06-29 15:45:20,262 - INFO -   Progress: 68.0% (2000 MB)
2025-06-29 15:46:38,058 - INFO -   Progress: 71.4% (2100 MB)
2025-06-29 15:47:59,876 - INFO -   Progress: 74.8% (2200 MB)
2025-06-29 15:49:19,788 - INFO -   Progress: 78.1% (2300 MB)
2025-06-29 15:50:44,727 - INFO -   Progress: 81.5% (2400 MB)
2025-06-29 15:52:10,899 - INFO -   Progress: 84.9% (2500 MB)
2025-06-29 15:53:29,127 - INFO -   Progress: 88.3% (2600 MB)
2025-06-29 15:54:47,057 - INFO -   Progress: 91.7% (2700 MB)
2025-06-29 15:56:09,554 - INFO -   Progress: 95.1% (2800 MB)
2025-06-29 15:57:29,479 - INFO -   Progress: 98.5% (2900 MB)
2025-06-29 15:58:02,082 - INFO - ✓ Downloaded ClinVarVariationRelease_2023-08.xml.gz (2943 MB)
2025-06-29 15:58:07,438 - INFO - ✓ MD5 checksum verified for ClinVarVariationRelease_2023-08.xml.gz
2025-06-29 15:58:07,438 - INFO - Downloading ClinVarVariationRelease_2023-09.xml.gz (attempt 1/3)
2025-06-29 15:59:24,402 - INFO -   Progress: 3.4% (100 MB)
2025-06-29 16:00:45,338 - INFO -   Progress: 6.8% (200 MB)
2025-06-29 16:01:57,588 - INFO -   Progress: 10.2% (300 MB)
2025-06-29 16:03:15,285 - INFO -   Progress: 13.6% (400 MB)
2025-06-29 16:04:37,400 - INFO -   Progress: 17.0% (500 MB)
2025-06-29 16:06:01,181 - INFO -   Progress: 20.4% (600 MB)
2025-06-29 16:07:19,309 - INFO -   Progress: 23.8% (700 MB)
2025-06-29 16:08:42,242 - INFO -   Progress: 27.2% (800 MB)
2025-06-29 16:10:00,790 - INFO -   Progress: 30.6% (900 MB)
2025-06-29 16:11:22,471 - INFO -   Progress: 34.0% (1000 MB)
2025-06-29 16:12:42,161 - INFO -   Progress: 37.4% (1100 MB)
2025-06-29 16:13:55,438 - INFO -   Progress: 40.8% (1200 MB)
2025-06-29 16:15:14,594 - INFO -   Progress: 44.2% (1300 MB)
2025-06-29 16:16:33,247 - INFO -   Progress: 47.6% (1400 MB)
2025-06-29 16:17:51,370 - INFO -   Progress: 51.0% (1500 MB)
2025-06-29 16:19:12,755 - INFO -   Progress: 54.5% (1600 MB)
2025-06-29 16:20:31,925 - INFO -   Progress: 57.9% (1700 MB)
2025-06-29 16:21:56,210 - INFO -   Progress: 61.3% (1800 MB)
2025-06-29 16:23:16,440 - INFO -   Progress: 64.7% (1900 MB)
2025-06-29 16:24:37,799 - INFO -   Progress: 68.1% (2000 MB)
2025-06-29 16:26:04,829 - INFO -   Progress: 71.5% (2100 MB)
2025-06-29 16:27:25,694 - INFO -   Progress: 74.9% (2200 MB)
2025-06-29 16:28:53,546 - INFO -   Progress: 78.3% (2300 MB)
2025-06-29 16:30:18,737 - INFO -   Progress: 81.7% (2400 MB)
2025-06-29 16:31:38,855 - INFO -   Progress: 85.1% (2500 MB)
2025-06-29 16:33:01,364 - INFO -   Progress: 88.5% (2600 MB)
2025-06-29 16:34:14,568 - INFO -   Progress: 91.9% (2700 MB)
2025-06-29 16:35:30,365 - INFO -   Progress: 95.3% (2800 MB)
2025-06-29 16:36:48,183 - INFO -   Progress: 98.7% (2900 MB)
2025-06-29 16:37:18,067 - INFO - ✓ Downloaded ClinVarVariationRelease_2023-09.xml.gz (2938 MB)
2025-06-29 16:37:23,316 - INFO - ✓ MD5 checksum verified for ClinVarVariationRelease_2023-09.xml.gz
2025-06-29 16:37:23,317 - INFO - Downloading ClinVarVariationRelease_2023-10.xml.gz (attempt 1/3)
2025-06-29 16:38:27,155 - INFO -   Progress: 3.4% (100 MB)
2025-06-29 16:39:40,560 - INFO -   Progress: 6.8% (200 MB)
2025-06-29 16:40:52,371 - INFO -   Progress: 10.2% (300 MB)
2025-06-29 16:42:04,437 - INFO -   Progress: 13.6% (400 MB)
2025-06-29 16:43:22,220 - INFO -   Progress: 17.0% (500 MB)
2025-06-29 16:44:42,434 - INFO -   Progress: 20.4% (600 MB)
2025-06-29 16:46:02,031 - INFO -   Progress: 23.8% (700 MB)
2025-06-29 16:47:15,526 - INFO -   Progress: 27.2% (800 MB)
2025-06-29 16:48:28,204 - INFO -   Progress: 30.6% (900 MB)
2025-06-29 16:49:38,666 - INFO -   Progress: 34.0% (1000 MB)
2025-06-29 16:50:46,516 - INFO -   Progress: 37.4% (1100 MB)
2025-06-29 16:52:02,844 - INFO -   Progress: 40.8% (1200 MB)
2025-06-29 16:53:15,514 - INFO -   Progress: 44.2% (1300 MB)
2025-06-29 16:54:33,422 - INFO -   Progress: 47.6% (1400 MB)
2025-06-29 16:55:50,616 - INFO -   Progress: 51.0% (1500 MB)
2025-06-29 16:57:11,454 - INFO -   Progress: 54.4% (1600 MB)
2025-06-29 16:58:25,810 - INFO -   Progress: 57.8% (1700 MB)
2025-06-29 16:59:48,511 - INFO -   Progress: 61.2% (1800 MB)
2025-06-29 17:01:22,169 - INFO -   Progress: 64.6% (1900 MB)
2025-06-29 17:02:44,052 - INFO -   Progress: 68.0% (2000 MB)
2025-06-29 17:04:05,216 - INFO -   Progress: 71.4% (2100 MB)
2025-06-29 17:05:21,962 - INFO -   Progress: 74.8% (2200 MB)
2025-06-29 17:06:49,849 - INFO -   Progress: 78.2% (2300 MB)
2025-06-29 17:08:22,325 - INFO -   Progress: 81.6% (2400 MB)
2025-06-29 17:09:41,191 - INFO -   Progress: 85.0% (2500 MB)
2025-06-29 17:11:10,513 - INFO -   Progress: 88.4% (2600 MB)
2025-06-29 17:12:34,207 - INFO -   Progress: 91.8% (2700 MB)
2025-06-29 17:13:54,843 - INFO -   Progress: 95.2% (2800 MB)
2025-06-29 17:15:11,598 - INFO -   Progress: 98.6% (2900 MB)
2025-06-29 17:15:42,192 - INFO - ✓ Downloaded ClinVarVariationRelease_2023-10.xml.gz (2941 MB)
2025-06-29 17:15:47,527 - INFO - ✓ MD5 checksum verified for ClinVarVariationRelease_2023-10.xml.gz
2025-06-29 17:15:47,527 - INFO - Downloading ClinVarVariationRelease_2023-11.xml.gz (attempt 1/3)
2025-06-29 17:16:29,912 - INFO -   Progress: 3.3% (100 MB)
2025-06-29 17:16:56,986 - INFO -   Progress: 6.6% (200 MB)
2025-06-29 17:17:34,733 - INFO -   Progress: 9.9% (300 MB)
2025-06-29 17:18:08,373 - INFO -   Progress: 13.3% (400 MB)
2025-06-29 17:18:45,423 - INFO -   Progress: 16.6% (500 MB)
2025-06-29 17:19:19,579 - INFO -   Progress: 19.9% (600 MB)
2025-06-29 17:19:44,734 - INFO -   Progress: 23.2% (700 MB)
2025-06-29 17:20:18,623 - INFO -   Progress: 26.5% (800 MB)
2025-06-29 17:20:59,620 - INFO -   Progress: 29.8% (900 MB)
2025-06-29 17:21:42,614 - INFO -   Progress: 33.1% (1000 MB)
2025-06-29 17:22:32,946 - INFO -   Progress: 36.4% (1100 MB)
2025-06-29 17:23:14,881 - INFO -   Progress: 39.8% (1200 MB)
2025-06-29 17:23:47,814 - INFO -   Progress: 43.1% (1300 MB)
2025-06-29 17:24:11,092 - INFO -   Progress: 46.4% (1400 MB)
2025-06-29 17:24:48,949 - INFO -   Progress: 49.7% (1500 MB)
2025-06-29 17:25:33,309 - INFO -   Progress: 53.0% (1600 MB)
2025-06-29 17:26:10,811 - INFO -   Progress: 56.3% (1700 MB)
2025-06-29 17:26:39,136 - INFO -   Progress: 59.6% (1800 MB)
2025-06-29 17:27:11,763 - INFO -   Progress: 62.9% (1900 MB)
2025-06-29 17:27:44,048 - INFO -   Progress: 66.3% (2000 MB)
2025-06-29 17:28:09,127 - INFO -   Progress: 69.6% (2100 MB)
2025-06-29 17:28:38,271 - INFO -   Progress: 72.9% (2200 MB)
2025-06-29 17:29:08,764 - INFO -   Progress: 76.2% (2300 MB)
2025-06-29 17:29:36,023 - INFO -   Progress: 79.5% (2400 MB)
2025-06-29 17:30:07,371 - INFO -   Progress: 82.8% (2500 MB)
2025-06-29 17:30:40,516 - INFO -   Progress: 86.1% (2600 MB)
2025-06-29 17:31:16,211 - INFO -   Progress: 89.4% (2700 MB)
2025-06-29 17:31:55,627 - INFO -   Progress: 92.8% (2800 MB)
2025-06-29 17:32:23,389 - INFO -   Progress: 96.1% (2900 MB)
2025-06-29 17:32:55,667 - INFO -   Progress: 99.4% (3000 MB)
2025-06-29 17:32:59,335 - INFO - ✓ Downloaded ClinVarVariationRelease_2023-11.xml.gz (3018 MB)
2025-06-29 17:33:04,671 - INFO - ✓ MD5 checksum verified for ClinVarVariationRelease_2023-11.xml.gz
2025-06-29 17:33:04,672 - INFO - Downloading ClinVarVariationRelease_2023-12.xml.gz (attempt 1/3)
2025-06-29 17:34:31,282 - INFO -   Progress: 3.3% (100 MB)
2025-06-29 17:35:50,982 - INFO -   Progress: 6.6% (200 MB)
2025-06-29 17:37:11,817 - INFO -   Progress: 9.8% (300 MB)
2025-06-29 17:38:34,976 - INFO -   Progress: 13.1% (400 MB)
2025-06-29 17:39:58,631 - INFO -   Progress: 16.4% (500 MB)
2025-06-29 17:41:24,424 - INFO -   Progress: 19.7% (600 MB)
2025-06-29 17:42:45,266 - INFO -   Progress: 23.0% (700 MB)
2025-06-29 17:44:08,424 - INFO -   Progress: 26.3% (800 MB)
2025-06-29 17:45:33,026 - INFO -   Progress: 29.5% (900 MB)
2025-06-29 17:46:55,971 - INFO -   Progress: 32.8% (1000 MB)
2025-06-29 17:48:16,305 - INFO -   Progress: 36.1% (1100 MB)
2025-06-29 17:49:39,015 - INFO -   Progress: 39.4% (1200 MB)
2025-06-29 17:51:04,278 - INFO -   Progress: 42.7% (1300 MB)
2025-06-29 17:52:29,733 - INFO -   Progress: 45.9% (1400 MB)
2025-06-29 17:53:53,616 - INFO -   Progress: 49.2% (1500 MB)
2025-06-29 17:55:12,454 - INFO -   Progress: 52.5% (1600 MB)
2025-06-29 17:56:37,819 - INFO -   Progress: 55.8% (1700 MB)
2025-06-29 17:58:00,126 - INFO -   Progress: 59.1% (1800 MB)
2025-06-29 17:59:21,720 - INFO -   Progress: 62.4% (1900 MB)
2025-06-29 18:00:46,956 - INFO -   Progress: 65.6% (2000 MB)
2025-06-29 18:02:09,592 - INFO -   Progress: 68.9% (2100 MB)
2025-06-29 18:03:35,777 - INFO -   Progress: 72.2% (2200 MB)
2025-06-29 18:05:01,409 - INFO -   Progress: 75.5% (2300 MB)
2025-06-29 18:06:22,149 - INFO -   Progress: 78.8% (2400 MB)
2025-06-29 18:07:53,478 - INFO -   Progress: 82.1% (2500 MB)
2025-06-29 18:09:23,438 - INFO -   Progress: 85.3% (2600 MB)
2025-06-29 18:10:49,540 - INFO -   Progress: 88.6% (2700 MB)
2025-06-29 18:12:14,263 - INFO -   Progress: 91.9% (2800 MB)
2025-06-29 18:13:26,514 - INFO -   Progress: 95.2% (2900 MB)
2025-06-29 18:14:47,987 - INFO -   Progress: 98.5% (3000 MB)
2025-06-29 18:15:29,100 - INFO - ✓ Downloaded ClinVarVariationRelease_2023-12.xml.gz (3046 MB)
2025-06-29 18:15:34,691 - INFO - ✓ MD5 checksum verified for ClinVarVariationRelease_2023-12.xml.gz
2025-06-29 18:15:34,691 - INFO - Downloading ClinVarVariationRelease_2024-01.xml.gz (attempt 1/3)
2025-06-29 18:16:47,846 - INFO -   Progress: 3.2% (100 MB)
2025-06-29 18:18:10,679 - INFO -   Progress: 6.4% (200 MB)
2025-06-29 18:19:34,760 - INFO -   Progress: 9.6% (300 MB)
2025-06-29 18:20:59,702 - INFO -   Progress: 12.7% (400 MB)
2025-06-29 18:22:22,758 - INFO -   Progress: 15.9% (500 MB)
2025-06-29 18:23:45,499 - INFO -   Progress: 19.1% (600 MB)
2025-06-29 18:25:07,815 - INFO -   Progress: 22.3% (700 MB)
2025-06-29 18:26:27,616 - INFO -   Progress: 25.5% (800 MB)
2025-06-29 18:27:49,398 - INFO -   Progress: 28.7% (900 MB)
2025-06-29 18:29:06,769 - INFO -   Progress: 31.8% (1000 MB)
2025-06-29 18:30:18,301 - INFO -   Progress: 35.0% (1100 MB)
2025-06-29 18:31:27,181 - INFO -   Progress: 38.2% (1200 MB)
2025-06-29 18:32:51,925 - INFO -   Progress: 41.4% (1300 MB)
2025-06-29 18:34:09,410 - INFO -   Progress: 44.6% (1400 MB)
2025-06-29 18:35:24,493 - INFO -   Progress: 47.8% (1500 MB)
2025-06-29 18:36:43,960 - INFO -   Progress: 50.9% (1600 MB)
2025-06-29 18:38:04,818 - INFO -   Progress: 54.1% (1700 MB)
2025-06-29 18:39:26,812 - INFO -   Progress: 57.3% (1800 MB)
2025-06-29 18:40:42,413 - INFO -   Progress: 60.5% (1900 MB)
2025-06-29 18:42:08,268 - INFO -   Progress: 63.7% (2000 MB)
2025-06-29 18:43:23,333 - INFO -   Progress: 66.9% (2100 MB)
2025-06-29 18:44:43,648 - INFO -   Progress: 70.0% (2200 MB)
2025-06-29 18:46:01,892 - INFO -   Progress: 73.2% (2300 MB)
2025-06-29 18:47:23,261 - INFO -   Progress: 76.4% (2400 MB)
2025-06-29 18:48:45,774 - INFO -   Progress: 79.6% (2500 MB)
2025-06-29 18:50:08,308 - INFO -   Progress: 82.8% (2600 MB)
2025-06-29 18:51:30,331 - INFO -   Progress: 86.0% (2700 MB)
2025-06-29 18:52:43,376 - INFO -   Progress: 89.1% (2800 MB)
2025-06-29 18:54:04,533 - INFO -   Progress: 92.3% (2900 MB)
2025-06-29 18:55:20,466 - INFO -   Progress: 95.5% (3000 MB)
2025-06-29 18:56:45,075 - INFO -   Progress: 98.7% (3100 MB)
2025-06-29 18:57:15,603 - INFO - ✓ Downloaded ClinVarVariationRelease_2024-01.xml.gz (3141 MB)
2025-06-29 18:57:21,315 - INFO - ✓ MD5 checksum verified for ClinVarVariationRelease_2024-01.xml.gz
2025-06-29 18:57:21,316 - INFO - Downloading ClinVarVariationRelease_2024-02.xml.gz (attempt 1/3)
2025-06-29 18:58:36,866 - INFO -   Progress: 3.2% (100 MB)
2025-06-29 18:59:50,558 - INFO -   Progress: 6.3% (200 MB)
2025-06-29 19:01:05,240 - INFO -   Progress: 9.5% (300 MB)
2025-06-29 19:02:18,927 - INFO -   Progress: 12.7% (400 MB)
2025-06-29 19:03:31,293 - INFO -   Progress: 15.9% (500 MB)
2025-06-29 19:04:49,926 - INFO -   Progress: 19.0% (600 MB)
2025-06-29 19:06:11,821 - INFO -   Progress: 22.2% (700 MB)
2025-06-29 19:07:47,228 - INFO -   Progress: 25.4% (800 MB)
2025-06-29 19:08:58,017 - INFO -   Progress: 28.6% (900 MB)
2025-06-29 19:10:16,271 - INFO -   Progress: 31.7% (1000 MB)
2025-06-29 19:11:38,159 - INFO -   Progress: 34.9% (1100 MB)
2025-06-29 19:12:53,036 - INFO -   Progress: 38.1% (1200 MB)
2025-06-29 19:14:26,550 - INFO -   Progress: 41.2% (1300 MB)
2025-06-29 19:15:50,870 - INFO -   Progress: 44.4% (1400 MB)
2025-06-29 19:17:15,902 - INFO -   Progress: 47.6% (1500 MB)
2025-06-29 19:18:40,230 - INFO -   Progress: 50.8% (1600 MB)
2025-06-29 19:20:13,646 - INFO -   Progress: 53.9% (1700 MB)
2025-06-29 19:21:46,249 - INFO -   Progress: 57.1% (1800 MB)
2025-06-29 19:23:28,255 - INFO -   Progress: 60.3% (1900 MB)
2025-06-29 19:25:03,755 - INFO -   Progress: 63.5% (2000 MB)
2025-06-29 19:26:32,185 - INFO -   Progress: 66.6% (2100 MB)
2025-06-29 19:28:05,789 - INFO -   Progress: 69.8% (2200 MB)
2025-06-29 19:29:33,056 - INFO -   Progress: 73.0% (2300 MB)
2025-06-29 19:30:54,939 - INFO -   Progress: 76.2% (2400 MB)
2025-06-29 19:32:15,776 - INFO -   Progress: 79.3% (2500 MB)
2025-06-29 19:33:45,530 - INFO -   Progress: 82.5% (2600 MB)
2025-06-29 19:35:06,796 - INFO -   Progress: 85.7% (2700 MB)
2025-06-29 19:36:41,501 - INFO -   Progress: 88.8% (2800 MB)
2025-06-29 19:38:03,905 - INFO -   Progress: 92.0% (2900 MB)
2025-06-29 19:39:39,939 - INFO -   Progress: 95.2% (3000 MB)
2025-06-29 19:41:18,744 - INFO -   Progress: 98.4% (3100 MB)
2025-06-29 19:42:17,329 - INFO - ✓ Downloaded ClinVarVariationRelease_2024-02.xml.gz (3151 MB)
2025-06-29 19:42:23,257 - INFO - ✓ MD5 checksum verified for ClinVarVariationRelease_2024-02.xml.gz
2025-06-29 19:42:23,258 - INFO - Downloading ClinVarVariationRelease_2024-03.xml.gz (attempt 1/3)
2025-06-29 19:44:07,044 - INFO -   Progress: 2.8% (100 MB)
2025-06-29 19:45:51,039 - INFO -   Progress: 5.6% (200 MB)
2025-06-29 19:47:36,239 - INFO -   Progress: 8.4% (300 MB)
2025-06-29 19:49:36,408 - INFO -   Progress: 11.1% (400 MB)
2025-06-29 19:51:24,836 - INFO -   Progress: 13.9% (500 MB)
2025-06-29 19:53:14,933 - INFO -   Progress: 16.7% (600 MB)
2025-06-29 19:54:53,888 - INFO -   Progress: 19.5% (700 MB)
2025-06-29 19:56:34,695 - INFO -   Progress: 22.3% (800 MB)
2025-06-29 19:58:00,147 - INFO -   Progress: 25.1% (900 MB)
2025-06-29 19:59:31,996 - INFO -   Progress: 27.9% (1000 MB)
2025-06-29 20:01:06,558 - INFO -   Progress: 30.7% (1100 MB)
2025-06-29 20:02:36,302 - INFO -   Progress: 33.4% (1200 MB)
2025-06-29 20:04:14,154 - INFO -   Progress: 36.2% (1300 MB)
2025-06-29 20:05:42,556 - INFO -   Progress: 39.0% (1400 MB)
2025-06-29 20:07:13,018 - INFO -   Progress: 41.8% (1500 MB)
2025-06-29 20:08:39,615 - INFO -   Progress: 44.6% (1600 MB)
2025-06-29 20:10:07,496 - INFO -   Progress: 47.4% (1700 MB)
2025-06-29 20:11:37,058 - INFO -   Progress: 50.2% (1800 MB)
2025-06-29 20:13:05,845 - INFO -   Progress: 53.0% (1900 MB)
2025-06-29 20:14:31,412 - INFO -   Progress: 55.7% (2000 MB)
2025-06-29 20:16:03,806 - INFO -   Progress: 58.5% (2100 MB)
2025-06-29 20:17:33,457 - INFO -   Progress: 61.3% (2200 MB)
2025-06-29 20:18:59,743 - INFO -   Progress: 64.1% (2300 MB)
2025-06-29 20:20:33,287 - INFO -   Progress: 66.9% (2400 MB)
2025-06-29 20:22:17,809 - INFO -   Progress: 69.7% (2500 MB)
2025-06-29 20:23:59,124 - INFO -   Progress: 72.5% (2600 MB)
2025-06-29 20:25:50,368 - INFO -   Progress: 75.3% (2700 MB)
2025-06-29 20:27:23,263 - INFO -   Progress: 78.0% (2800 MB)
2025-06-29 20:29:06,159 - INFO -   Progress: 80.8% (2900 MB)
2025-06-29 20:30:39,241 - INFO -   Progress: 83.6% (3000 MB)
2025-06-29 20:32:32,304 - INFO -   Progress: 86.4% (3100 MB)
2025-06-29 20:34:05,381 - INFO -   Progress: 89.2% (3200 MB)
2025-06-29 20:35:38,604 - INFO -   Progress: 92.0% (3300 MB)
2025-06-29 20:37:10,792 - INFO -   Progress: 94.8% (3400 MB)
2025-06-29 20:38:46,736 - INFO -   Progress: 97.6% (3500 MB)
2025-06-29 20:40:10,955 - INFO - ✓ Downloaded ClinVarVariationRelease_2024-03.xml.gz (3587 MB)
2025-06-29 20:40:17,534 - INFO - ✓ MD5 checksum verified for ClinVarVariationRelease_2024-03.xml.gz
2025-06-29 20:40:17,536 - INFO - Downloading ClinVarVariationRelease_2024-04.xml.gz (attempt 1/3)
2025-06-29 20:41:41,422 - INFO -   Progress: 2.8% (100 MB)
2025-06-29 20:43:00,163 - INFO -   Progress: 5.5% (200 MB)
2025-06-29 20:44:16,427 - INFO -   Progress: 8.3% (300 MB)
2025-06-29 20:45:37,260 - INFO -   Progress: 11.0% (400 MB)
2025-06-29 20:46:54,542 - INFO -   Progress: 13.8% (500 MB)
2025-06-29 20:48:05,823 - INFO -   Progress: 16.5% (600 MB)
2025-06-29 20:49:25,747 - INFO -   Progress: 19.3% (700 MB)
2025-06-29 20:50:54,881 - INFO -   Progress: 22.0% (800 MB)
2025-06-29 20:52:01,896 - INFO -   Progress: 24.8% (900 MB)
2025-06-29 20:53:23,971 - INFO -   Progress: 27.5% (1000 MB)
2025-06-29 20:54:39,283 - INFO -   Progress: 30.3% (1100 MB)
2025-06-29 20:55:54,678 - INFO -   Progress: 33.1% (1200 MB)
2025-06-29 20:57:12,149 - INFO -   Progress: 35.8% (1300 MB)
2025-06-29 20:58:31,195 - INFO -   Progress: 38.6% (1400 MB)
2025-06-29 21:00:15,525 - INFO -   Progress: 41.3% (1500 MB)
2025-06-29 21:01:41,077 - INFO -   Progress: 44.1% (1600 MB)
2025-06-29 21:03:03,098 - INFO -   Progress: 46.8% (1700 MB)
2025-06-29 21:04:11,256 - INFO -   Progress: 49.6% (1800 MB)
2025-06-29 21:05:23,898 - INFO -   Progress: 52.3% (1900 MB)
2025-06-29 21:06:57,227 - INFO -   Progress: 55.1% (2000 MB)
2025-06-29 21:08:25,108 - INFO -   Progress: 57.9% (2100 MB)
2025-06-29 21:09:42,381 - INFO -   Progress: 60.6% (2200 MB)
2025-06-29 21:10:58,493 - INFO -   Progress: 63.4% (2300 MB)
2025-06-29 21:12:13,282 - INFO -   Progress: 66.1% (2400 MB)
2025-06-29 21:13:12,850 - INFO -   Progress: 68.9% (2500 MB)
2025-06-29 21:14:31,604 - INFO -   Progress: 71.6% (2600 MB)
2025-06-29 21:15:57,243 - INFO -   Progress: 74.4% (2700 MB)
2025-06-29 21:17:21,470 - INFO -   Progress: 77.1% (2800 MB)
2025-06-29 21:18:49,547 - INFO -   Progress: 79.9% (2900 MB)
2025-06-29 21:20:18,968 - INFO -   Progress: 82.6% (3000 MB)
2025-06-29 21:21:36,891 - INFO -   Progress: 85.4% (3100 MB)
2025-06-29 21:23:15,553 - INFO -   Progress: 88.2% (3200 MB)
2025-06-29 21:24:47,378 - INFO -   Progress: 90.9% (3300 MB)
2025-06-29 21:26:40,293 - INFO -   Progress: 93.7% (3400 MB)
2025-06-29 21:28:19,440 - INFO -   Progress: 96.4% (3500 MB)
2025-06-29 21:29:52,608 - INFO -   Progress: 99.2% (3600 MB)
2025-06-29 21:30:21,728 - INFO - ✓ Downloaded ClinVarVariationRelease_2024-04.xml.gz (3629 MB)
2025-06-29 21:30:31,013 - INFO - ✓ MD5 checksum verified for ClinVarVariationRelease_2024-04.xml.gz
2025-06-29 21:30:31,013 - INFO - Downloading ClinVarVariationRelease_2024-05.xml.gz (attempt 1/3)
2025-06-29 21:33:55,302 - INFO -   Progress: 2.7% (100 MB)
2025-06-29 21:37:53,932 - INFO -   Progress: 5.3% (200 MB)
2025-06-29 21:40:55,640 - INFO -   Progress: 8.0% (300 MB)
2025-06-29 21:43:21,410 - INFO -   Progress: 10.7% (400 MB)
2025-06-29 21:46:27,023 - INFO -   Progress: 13.3% (500 MB)
2025-06-29 21:49:21,084 - INFO -   Progress: 16.0% (600 MB)
2025-06-29 21:51:53,307 - INFO -   Progress: 18.7% (700 MB)
2025-06-29 21:54:40,403 - INFO -   Progress: 21.4% (800 MB)
2025-06-29 21:57:07,036 - INFO -   Progress: 24.0% (900 MB)
2025-06-29 21:59:53,072 - INFO -   Progress: 26.7% (1000 MB)
2025-06-29 22:02:32,252 - INFO -   Progress: 29.4% (1100 MB)
2025-06-29 22:05:04,630 - INFO -   Progress: 32.0% (1200 MB)
2025-06-29 22:07:46,594 - INFO -   Progress: 34.7% (1300 MB)
2025-06-29 22:10:10,814 - INFO -   Progress: 37.4% (1400 MB)
2025-06-29 22:12:56,269 - INFO -   Progress: 40.0% (1500 MB)
2025-06-29 22:15:32,684 - INFO -   Progress: 42.7% (1600 MB)
2025-06-29 22:18:03,345 - INFO -   Progress: 45.4% (1700 MB)
2025-06-29 22:20:48,379 - INFO -   Progress: 48.0% (1800 MB)
2025-06-29 22:23:20,612 - INFO -   Progress: 50.7% (1900 MB)
2025-06-29 22:25:43,040 - INFO -   Progress: 53.4% (2000 MB)
2025-06-29 22:28:27,315 - INFO -   Progress: 56.1% (2100 MB)
2025-06-29 22:30:59,513 - INFO -   Progress: 58.7% (2200 MB)
2025-06-29 22:33:43,456 - INFO -   Progress: 61.4% (2300 MB)
2025-06-29 22:36:28,420 - INFO -   Progress: 64.1% (2400 MB)
2025-06-29 22:38:59,597 - INFO -   Progress: 66.7% (2500 MB)
2025-06-29 22:41:38,285 - INFO -   Progress: 69.4% (2600 MB)
2025-06-29 22:44:14,352 - INFO -   Progress: 72.1% (2700 MB)
2025-06-29 22:46:31,182 - INFO -   Progress: 74.7% (2800 MB)
2025-06-29 22:49:05,157 - INFO -   Progress: 77.4% (2900 MB)
2025-06-29 22:51:39,278 - INFO -   Progress: 80.1% (3000 MB)
2025-06-29 22:54:13,941 - INFO -   Progress: 82.8% (3100 MB)
2025-06-29 22:56:55,259 - INFO -   Progress: 85.4% (3200 MB)
2025-06-29 22:59:33,922 - INFO -   Progress: 88.1% (3300 MB)
2025-06-29 23:02:08,134 - INFO -   Progress: 90.8% (3400 MB)
2025-06-29 23:04:44,463 - INFO -   Progress: 93.4% (3500 MB)
2025-06-29 23:07:10,957 - INFO -   Progress: 96.1% (3600 MB)
2025-06-29 23:09:37,215 - INFO -   Progress: 98.8% (3700 MB)
2025-06-29 23:10:45,023 - INFO - ✓ Downloaded ClinVarVariationRelease_2024-05.xml.gz (3746 MB)
2025-06-29 23:10:52,749 - INFO - ✓ MD5 checksum verified for ClinVarVariationRelease_2024-05.xml.gz
2025-06-29 23:10:52,750 - INFO - Downloading ClinVarVariationRelease_2024-06.xml.gz (attempt 1/3)
2025-06-29 23:11:41,615 - INFO -   Progress: 2.7% (100 MB)
2025-06-29 23:12:22,522 - INFO -   Progress: 5.4% (200 MB)
2025-06-29 23:13:15,307 - INFO -   Progress: 8.0% (300 MB)
2025-06-29 23:14:07,816 - INFO -   Progress: 10.7% (400 MB)
2025-06-29 23:14:50,028 - INFO -   Progress: 13.4% (500 MB)
2025-06-29 23:15:46,378 - INFO -   Progress: 16.1% (600 MB)
2025-06-29 23:16:32,262 - INFO -   Progress: 18.8% (700 MB)
2025-06-29 23:17:11,317 - INFO -   Progress: 21.5% (800 MB)
2025-06-29 23:17:52,474 - INFO -   Progress: 24.1% (900 MB)
2025-06-29 23:18:42,631 - INFO -   Progress: 26.8% (1000 MB)
2025-06-29 23:19:24,568 - INFO -   Progress: 29.5% (1100 MB)
2025-06-29 23:20:05,644 - INFO -   Progress: 32.2% (1200 MB)
2025-06-29 23:20:57,722 - INFO -   Progress: 34.9% (1300 MB)
2025-06-29 23:22:10,312 - INFO -   Progress: 37.5% (1400 MB)
2025-06-29 23:23:01,050 - INFO -   Progress: 40.2% (1500 MB)
2025-06-29 23:23:59,679 - INFO -   Progress: 42.9% (1600 MB)
2025-06-29 23:25:04,189 - INFO -   Progress: 45.6% (1700 MB)
2025-06-29 23:26:18,979 - INFO -   Progress: 48.3% (1800 MB)
2025-06-29 23:27:11,413 - INFO -   Progress: 50.9% (1900 MB)
2025-06-29 23:28:06,261 - INFO -   Progress: 53.6% (2000 MB)
2025-06-29 23:28:57,369 - INFO -   Progress: 56.3% (2100 MB)
2025-06-29 23:30:01,279 - INFO -   Progress: 59.0% (2200 MB)
2025-06-29 23:30:58,108 - INFO -   Progress: 61.7% (2300 MB)
2025-06-29 23:32:05,979 - INFO -   Progress: 64.4% (2400 MB)
2025-06-29 23:33:02,052 - INFO -   Progress: 67.0% (2500 MB)
2025-06-29 23:33:46,618 - INFO -   Progress: 69.7% (2600 MB)
2025-06-29 23:34:50,785 - INFO -   Progress: 72.4% (2700 MB)
2025-06-29 23:35:26,751 - INFO -   Progress: 75.1% (2800 MB)
2025-06-29 23:36:10,613 - INFO -   Progress: 77.8% (2900 MB)
2025-06-29 23:37:01,855 - INFO -   Progress: 80.4% (3000 MB)
2025-06-29 23:37:47,752 - INFO -   Progress: 83.1% (3100 MB)
2025-06-29 23:38:29,557 - INFO -   Progress: 85.8% (3200 MB)
2025-06-29 23:39:13,554 - INFO -   Progress: 88.5% (3300 MB)
2025-06-29 23:40:10,522 - INFO -   Progress: 91.2% (3400 MB)
2025-06-29 23:41:12,917 - INFO -   Progress: 93.9% (3500 MB)
2025-06-29 23:42:01,236 - INFO -   Progress: 96.5% (3600 MB)
2025-06-29 23:42:47,469 - INFO -   Progress: 99.2% (3700 MB)
2025-06-29 23:43:04,422 - INFO - ✓ Downloaded ClinVarVariationRelease_2024-06.xml.gz (3729 MB)
2025-06-29 23:43:12,457 - INFO - ✓ MD5 checksum verified for ClinVarVariationRelease_2024-06.xml.gz
2025-06-29 23:43:12,457 - INFO - Downloading ClinVarVariationRelease_2024-07.xml.gz (attempt 1/3)
2025-06-29 23:45:09,718 - INFO -   Progress: 2.7% (100 MB)
